<?xml version="1.0" encoding="UTF-8"?>
<testng-results skipped="0" failed="0" total="2" passed="2">
  <reporter-output>
  </reporter-output>
  <suite name="Default suite" duration-ms="27334" started-at="2016-06-30T21:47:21Z" finished-at="2016-06-30T21:47:48Z">
    <groups>
      <group name="cucumber">
        <method signature="AbstractTestNGCucumberTests.feature(cucumber.api.testng.CucumberFeatureWrapper)[pri:0, instance:testes.CucumberRunnerTestTags@1495c8c2]" name="feature" class="cucumber.api.testng.AbstractTestNGCucumberTests"/>
      </group> <!-- cucumber -->
    </groups>
    <test name="Default test" duration-ms="27334" started-at="2016-06-30T21:47:21Z" finished-at="2016-06-30T21:47:48Z">
      <class name="testes.CucumberRunnerTestTags">
        <test-method status="PASS" signature="setUpClass()[pri:0, instance:testes.CucumberRunnerTestTags@1495c8c2]" name="setUpClass" is-config="true" duration-ms="389" started-at="2016-06-30T18:47:21Z" finished-at="2016-06-30T18:47:21Z">
          <reporter-output>
          </reporter-output>
        </test-method> <!-- setUpClass -->
        <test-method status="PASS" signature="feature(cucumber.api.testng.CucumberFeatureWrapper)[pri:0, instance:testes.CucumberRunnerTestTags@1495c8c2]" name="feature" duration-ms="13422" started-at="2016-06-30T18:47:22Z" description="Runs Cucumber Feature" data-provider="features" finished-at="2016-06-30T18:47:35Z">
          <params>
            <param index="0">
              <value>
                <![CDATA[To test the high level functionality of the Zoo test site]]>
              </value>
            </param>
          </params>
          <reporter-output>
          </reporter-output>
        </test-method> <!-- feature -->
        <test-method status="PASS" signature="feature(cucumber.api.testng.CucumberFeatureWrapper)[pri:0, instance:testes.CucumberRunnerTestTags@1495c8c2]" name="feature" duration-ms="13368" started-at="2016-06-30T18:47:35Z" description="Runs Cucumber Feature" data-provider="features" finished-at="2016-06-30T18:47:48Z">
          <params>
            <param index="0">
              <value>
                <![CDATA[To test the high level functionality of the Zoo test site]]>
              </value>
            </param>
          </params>
          <reporter-output>
          </reporter-output>
        </test-method> <!-- feature -->
        <test-method status="PASS" signature="tearDownClass()[pri:0, instance:testes.CucumberRunnerTestTags@1495c8c2]" name="tearDownClass" is-config="true" duration-ms="15" started-at="2016-06-30T18:47:48Z" finished-at="2016-06-30T18:47:48Z">
          <reporter-output>
          </reporter-output>
        </test-method> <!-- tearDownClass -->
      </class> <!-- testes.CucumberRunnerTestTags -->
    </test> <!-- Default test -->
  </suite> <!-- Default suite -->
</testng-results>
